0 info it worked if it ends with ok
1 verbose cli [ '/usr/local/bin/node', '/usr/local/bin/npm', 'run', 'build' ]
2 info using npm@3.10.10
3 info using node@v6.9.4
4 verbose run-script [ 'prebuild', 'build', 'postbuild' ]
5 info lifecycle sass_essentials@0.0.1~prebuild: sass_essentials@0.0.1
6 silly lifecycle sass_essentials@0.0.1~prebuild: no script for prebuild, continuing
7 info lifecycle sass_essentials@0.0.1~build: sass_essentials@0.0.1
8 verbose lifecycle sass_essentials@0.0.1~build: unsafe-perm in lifecycle true
9 verbose lifecycle sass_essentials@0.0.1~build: PATH: /usr/local/lib/node_modules/npm/bin/node-gyp-bin:/Users/kaldrich/Documents/Files/Development/Web Development/FreeCodeCamp/DataVisualizationCertification/Projects/ReactProjects/MarkdownPreviewer/node_modules/.bin:/usr/local/php5/bin:/Library/Frameworks/Python.framework/Versions/3.5/bin://anaconda/bin:/Library/Frameworks/Python.framework/Versions/3.4/bin:/bin:/sbin:/usr/bin:/usr/local/sbin:/usr/local/bin:/opt/local/bin:/opt/local/sbin:/usr/local/bin:/usr/local/bin:/usr/bin:/bin:/usr/sbin:/sbin:/opt/X11/bin
10 verbose lifecycle sass_essentials@0.0.1~build: CWD: /Users/kaldrich/Documents/Files/Development/Web Development/FreeCodeCamp/DataVisualizationCertification/Projects/ReactProjects/MarkdownPreviewer
11 silly lifecycle sass_essentials@0.0.1~build: Args: [ '-c', 'babel src -d lib' ]
12 silly lifecycle sass_essentials@0.0.1~build: Returned: code: 2  signal: null
13 info lifecycle sass_essentials@0.0.1~build: Failed to exec build script
14 verbose stack Error: sass_essentials@0.0.1 build: `babel src -d lib`
14 verbose stack Exit status 2
14 verbose stack     at EventEmitter.<anonymous> (/usr/local/lib/node_modules/npm/lib/utils/lifecycle.js:255:16)
14 verbose stack     at emitTwo (events.js:106:13)
14 verbose stack     at EventEmitter.emit (events.js:191:7)
14 verbose stack     at ChildProcess.<anonymous> (/usr/local/lib/node_modules/npm/lib/utils/spawn.js:40:14)
14 verbose stack     at emitTwo (events.js:106:13)
14 verbose stack     at ChildProcess.emit (events.js:191:7)
14 verbose stack     at maybeClose (internal/child_process.js:877:16)
14 verbose stack     at Process.ChildProcess._handle.onexit (internal/child_process.js:226:5)
15 verbose pkgid sass_essentials@0.0.1
16 verbose cwd /Users/kaldrich/Documents/Files/Development/Web Development/FreeCodeCamp/DataVisualizationCertification/Projects/ReactProjects/MarkdownPreviewer
17 error Darwin 16.4.0
18 error argv "/usr/local/bin/node" "/usr/local/bin/npm" "run" "build"
19 error node v6.9.4
20 error npm  v3.10.10
21 error code ELIFECYCLE
22 error sass_essentials@0.0.1 build: `babel src -d lib`
22 error Exit status 2
23 error Failed at the sass_essentials@0.0.1 build script 'babel src -d lib'.
23 error Make sure you have the latest version of node.js and npm installed.
23 error If you do, this is most likely a problem with the sass_essentials package,
23 error not with npm itself.
23 error Tell the author that this fails on your system:
23 error     babel src -d lib
23 error You can get information on how to open an issue for this project with:
23 error     npm bugs sass_essentials
23 error Or if that isn't available, you can get their info via:
23 error     npm owner ls sass_essentials
23 error There is likely additional logging output above.
24 verbose exit [ 1, true ]
